<?xml version="1.0" encoding="UTF-8"?>
<!-- Generated by org.testng.reporters.JUnitReportReporter -->
<testsuite skipped="0" hostname="Lenovo-PC" name="com.leafBot.testcases.TC001_LoginLogout" tests="2" failures="0" timestamp="10 Sep 2019 12:45:21 GMT" time="35.612" errors="0">
  <testcase name="runTC001" time="15.617" classname="com.leafBot.testcases.TC001_LoginLogout"/>
  <testcase name="runTC001" time="19.995" classname="com.leafBot.testcases.TC001_LoginLogout"/>
</testsuite> <!-- com.leafBot.testcases.TC001_LoginLogout -->
